2022-03-04 15:27:32,058 [Worker-1: Loading available Gradle versions] INFO  o.e.b.c.i.u.g.PublishedGradleVersions - Gradle version information cache is up-to-date. Trying to read.
2022-03-05 15:16:01,354 [Worker-5: Loading available Gradle versions] INFO  o.e.b.c.i.u.g.PublishedGradleVersions - Gradle version information cache is up-to-date. Trying to read.
2022-03-07 11:12:32,199 [Worker-3: Loading available Gradle versions] INFO  o.e.b.c.i.u.g.PublishedGradleVersions - Gradle version information cache is out-of-date. Trying to update.
2022-03-07 14:00:42,104 [Worker-1: Loading available Gradle versions] INFO  o.e.b.c.i.u.g.PublishedGradleVersions - Gradle version information cache is up-to-date. Trying to read.
2022-03-07 14:15:06,539 [Worker-11: Auto share git projects] WARN  org.eclipse.jgit.util.FS - C:\Program Files\Git\etc\.probe-808609a1-3cb9-4a91-bf2e-551d1d021c77
java.nio.file.AccessDeniedException: C:\Program Files\Git\etc\.probe-808609a1-3cb9-4a91-bf2e-551d1d021c77
	at sun.nio.fs.WindowsException.translateToIOException(Unknown Source) ~[na:1.8.0_281]
	at sun.nio.fs.WindowsException.rethrowAsIOException(Unknown Source) ~[na:1.8.0_281]
	at sun.nio.fs.WindowsException.rethrowAsIOException(Unknown Source) ~[na:1.8.0_281]
	at sun.nio.fs.WindowsFileSystemProvider.newByteChannel(Unknown Source) ~[na:1.8.0_281]
	at java.nio.file.Files.newByteChannel(Unknown Source) ~[na:1.8.0_281]
	at java.nio.file.Files.createFile(Unknown Source) ~[na:1.8.0_281]
	at org.eclipse.jgit.util.FS$FileStoreAttributeCache.<init>(FS.java:234) ~[org.eclipse.jgit_5.4.0.201906121030-r.jar:5.4.0.201906121030-r]
	at org.eclipse.jgit.util.FS$FileStoreAttributeCache.getFsTimestampResolution(FS.java:211) ~[org.eclipse.jgit_5.4.0.201906121030-r.jar:5.4.0.201906121030-r]
	at org.eclipse.jgit.util.FS.getFsTimerResolution(FS.java:321) [org.eclipse.jgit_5.4.0.201906121030-r.jar:5.4.0.201906121030-r]
	at org.eclipse.jgit.internal.storage.file.FileSnapshot.<init>(FileSnapshot.java:186) [org.eclipse.jgit_5.4.0.201906121030-r.jar:5.4.0.201906121030-r]
	at org.eclipse.jgit.internal.storage.file.FileSnapshot.save(FileSnapshot.java:122) [org.eclipse.jgit_5.4.0.201906121030-r.jar:5.4.0.201906121030-r]
	at org.eclipse.jgit.storage.file.FileBasedConfig.load(FileBasedConfig.java:156) [org.eclipse.jgit_5.4.0.201906121030-r.jar:5.4.0.201906121030-r]
	at org.eclipse.jgit.internal.storage.file.FileRepository.loadSystemConfig(FileRepository.java:245) [org.eclipse.jgit_5.4.0.201906121030-r.jar:5.4.0.201906121030-r]
	at org.eclipse.jgit.internal.storage.file.FileRepository.<init>(FileRepository.java:203) [org.eclipse.jgit_5.4.0.201906121030-r.jar:5.4.0.201906121030-r]
	at org.eclipse.jgit.storage.file.FileRepositoryBuilder.build(FileRepositoryBuilder.java:88) [org.eclipse.jgit_5.4.0.201906121030-r.jar:5.4.0.201906121030-r]
	at org.eclipse.jgit.storage.file.FileRepositoryBuilder.create(FileRepositoryBuilder.java:108) [org.eclipse.jgit_5.4.0.201906121030-r.jar:5.4.0.201906121030-r]
	at org.eclipse.egit.core.RepositoryCache.lookupRepository(RepositoryCache.java:58) [org.eclipse.egit.core_5.4.0.201906121030-r.jar:na]
	at org.eclipse.egit.core.project.GitProjectData.map(GitProjectData.java:693) [org.eclipse.egit.core_5.4.0.201906121030-r.jar:na]
	at org.eclipse.egit.core.project.GitProjectData.remapAll(GitProjectData.java:651) [org.eclipse.egit.core_5.4.0.201906121030-r.jar:na]
	at org.eclipse.egit.core.project.GitProjectData.setRepositoryMappings(GitProjectData.java:465) [org.eclipse.egit.core_5.4.0.201906121030-r.jar:na]
	at org.eclipse.egit.core.op.ConnectProviderOperation.connectProject(ConnectProviderOperation.java:153) [org.eclipse.egit.core_5.4.0.201906121030-r.jar:na]
	at org.eclipse.egit.core.op.ConnectProviderOperation.execute(ConnectProviderOperation.java:111) [org.eclipse.egit.core_5.4.0.201906121030-r.jar:na]
	at org.eclipse.egit.core.internal.job.JobUtil$1.run(JobUtil.java:55) [org.eclipse.egit.core_5.4.0.201906121030-r.jar:na]
	at org.eclipse.core.internal.jobs.Worker.run(Worker.java:63) [org.eclipse.core.jobs_3.10.400.v20190506-1457.jar:na]
